<?xml version="1.0" encoding="UTF-8"?>
<testsuite name="edu.etec.ds.fundamentos.Ejercicio3Test" tests="1" skipped="0" failures="1" errors="0" timestamp="2026-05-13T13:34:28" hostname="213-17" time="0.029">
  <properties/>
  <testcase name="testFuncionAnonima()" classname="edu.etec.ds.fundamentos.Ejercicio3Test" time="0.029">
    <failure message="kotlin.NotImplementedError: An operation is not implemented: Aplicar una operacion lambda a dos numeros" type="kotlin.NotImplementedError">kotlin.NotImplementedError: An operation is not implemented: Aplicar una operacion lambda a dos numeros
	at edu.etec.ds.fundamentos.Ejercicio3Kt.aplicarOperacion(Ejercicio3.kt:48)
	at edu.etec.ds.fundamentos.Ejercicio3Test.testFuncionAnonima(Ejercicio3Test.kt:70)
	at java.base/java.lang.reflect.Method.invoke(Method.java:580)
	at java.base/java.util.ArrayList.forEach(ArrayList.java:1596)
	at java.base/java.util.ArrayList.forEach(ArrayList.java:1596)
</failure>
  </testcase>
  <system-out><![CDATA[]]></system-out>
  <system-err><![CDATA[]]></system-err>
</testsuite>
