<?xml version="1.0" encoding="UTF-8"?>
<testsuite name="edu.etec.ds.fundamentos.Ejercicio1Test" tests="1" skipped="0" failures="1" errors="0" timestamp="2026-04-22T14:59:31" hostname="213-17" time="0.061">
  <properties/>
  <testcase name="testMinimoEntreDos()" classname="edu.etec.ds.fundamentos.Ejercicio1Test" time="0.061">
    <failure message="org.opentest4j.AssertionFailedError: expected: &lt;5&gt; but was: &lt;10&gt;" type="org.opentest4j.AssertionFailedError">org.opentest4j.AssertionFailedError: expected: &lt;5&gt; but was: &lt;10&gt;
	at app//org.junit.jupiter.api.AssertionFailureBuilder.build(AssertionFailureBuilder.java:151)
	at app//org.junit.jupiter.api.AssertionFailureBuilder.buildAndThrow(AssertionFailureBuilder.java:132)
	at app//org.junit.jupiter.api.AssertEquals.failNotEqual(AssertEquals.java:197)
	at app//org.junit.jupiter.api.AssertEquals.assertEquals(AssertEquals.java:182)
	at app//org.junit.jupiter.api.Assertions.assertEquals(Assertions.java:1156)
	at app//kotlin.test.junit5.JUnit5Asserter.assertEquals(JUnitSupport.kt:32)
	at app//kotlin.test.AssertionsKt__AssertionsKt.assertEquals(Assertions.kt:63)
	at app//kotlin.test.AssertionsKt.assertEquals(Unknown Source)
	at app//kotlin.test.AssertionsKt__AssertionsKt.assertEquals$default(Assertions.kt:62)
	at app//kotlin.test.AssertionsKt.assertEquals$default(Unknown Source)
	at app//edu.etec.ds.fundamentos.Ejercicio1Test.testMinimoEntreDos(Ejercicio1Test.kt:97)
	at java.base@21.0.10/java.lang.reflect.Method.invoke(Method.java:580)
	at java.base@21.0.10/java.util.ArrayList.forEach(ArrayList.java:1596)
	at java.base@21.0.10/java.util.ArrayList.forEach(ArrayList.java:1596)
</failure>
  </testcase>
  <system-out><![CDATA[]]></system-out>
  <system-err><![CDATA[]]></system-err>
</testsuite>
